<?xml version="1.0" encoding="UTF-8"?>
<!-- Generated by org.testng.reporters.JUnitReportReporter -->
<testsuite hostname="Ramanpreets-MacBook-Pro.local" failures="0" tests="3" name="SGS.SportsGearSwag.ErrorValidation" time="98.474" errors="0" timestamp="2024-11-25T17:35:56 IST" skipped="0">
  <testcase classname="SGS.SportsGearSwag.ErrorValidation" name="Singup" time="51.426"/>
  <testcase classname="SGS.SportsGearSwag.ErrorValidation" name="LoginValidation" time="36.834"/>
  <testcase classname="SGS.SportsGearSwag.ErrorValidation" name="UserForgotPassword" time="10.214"/>
</testsuite> <!-- SGS.SportsGearSwag.ErrorValidation -->
