<?xml version="1.0" encoding="UTF-8"?>
<!-- Generated by org.testng.reporters.JUnitReportReporter -->
<testsuite hostname="Ramanpreets-MBP.lan" failures="0" tests="3" name="SGS.SportsGearSwag.ErrorValidation" time="56.190" errors="0" timestamp="2024-09-25T12:10:49 IST" skipped="0">
  <testcase classname="SGS.SportsGearSwag.ErrorValidation" name="UserForgotPassword" time="25.063"/>
  <testcase classname="SGS.SportsGearSwag.ErrorValidation" name="LoginValidation" time="10.782"/>
  <testcase classname="SGS.SportsGearSwag.ErrorValidation" name="Singup" time="20.345"/>
</testsuite> <!-- SGS.SportsGearSwag.ErrorValidation -->
